<?xml version="1.0" encoding="UTF-8"?>
<testsuite name="NumbersTest" tests="1" skipped="0" failures="0" errors="0" timestamp="2021-05-26T15:41:09" hostname="DESKTOP-SQGJGEQ" time="0.326">
  <properties/>
  <testcase name="start" classname="NumbersTest" time="0.326"/>
  <system-out><![CDATA[?[1;31m
Start test 1?[0m
Enter a natural number:
> 0
This number is not natural!
?[1;31m
Start test 2?[0m
Enter a natural number:
> -1
This number is not natural!
?[1;31m
Start test 3?[0m
Enter a natural number:
> -2
This number is not natural!
?[1;31m
Start test 4?[0m
Enter a natural number:
> -3
This number is not natural!
?[1;31m
Start test 5?[0m
Enter a natural number:
> -4
This number is not natural!
?[1;31m
Start test 6?[0m
Enter a natural number:
> -5
This number is not natural!
?[1;31m
Start test 7?[0m
Enter a natural number:
> 1
This number is Odd.
It is not a Buzz number.
Explanation:
1 is neither divisible by 7 nor it ends with 7.
?[1;31m
Start test 8?[0m
Enter a natural number:
> 2
This number is Even.
It is not a Buzz number.
Explanation:
2 is neither divisible by 7 nor it ends with 7.
?[1;31m
Start test 9?[0m
Enter a natural number:
> 3
This number is Odd.
It is not a Buzz number.
Explanation:
3 is neither divisible by 7 nor it ends with 7.
?[1;31m
Start test 10?[0m
Enter a natural number:
> 4
This number is Even.
It is not a Buzz number.
Explanation:
4 is neither divisible by 7 nor it ends with 7.
?[1;31m
Start test 11?[0m
Enter a natural number:
> 5
This number is Odd.
It is not a Buzz number.
Explanation:
5 is neither divisible by 7 nor it ends with 7.
?[1;31m
Start test 12?[0m
Enter a natural number:
> 6
This number is Even.
It is not a Buzz number.
Explanation:
6 is neither divisible by 7 nor it ends with 7.
?[1;31m
Start test 13?[0m
Enter a natural number:
> 7
This number is Odd.
It is a Buzz number.
Explanation:
7 is divisible by 7 and it ends with 7.
?[1;31m
Start test 14?[0m
Enter a natural number:
> 8
This number is Even.
It is not a Buzz number.
Explanation:
8 is neither divisible by 7 nor it ends with 7.
?[1;31m
Start test 15?[0m
Enter a natural number:
> 9
This number is Odd.
It is not a Buzz number.
Explanation:
9 is neither divisible by 7 nor it ends with 7.
?[1;31m
Start test 16?[0m
Enter a natural number:
> 10
This number is Even.
It is not a Buzz number.
Explanation:
10 is neither divisible by 7 nor it ends with 7.
?[1;31m
Start test 17?[0m
Enter a natural number:
> 11
This number is Odd.
It is not a Buzz number.
Explanation:
11 is neither divisible by 7 nor it ends with 7.
?[1;31m
Start test 18?[0m
Enter a natural number:
> 12
This number is Even.
It is not a Buzz number.
Explanation:
12 is neither divisible by 7 nor it ends with 7.
?[1;31m
Start test 19?[0m
Enter a natural number:
> 13
This number is Odd.
It is not a Buzz number.
Explanation:
13 is neither divisible by 7 nor it ends with 7.
?[1;31m
Start test 20?[0m
Enter a natural number:
> 14
This number is Even.
It is a Buzz number.
Explanation:
14 is divisible by 7.
?[1;31m
Start test 21?[0m
Enter a natural number:
> 16655
This number is Odd.
It is not a Buzz number.
Explanation:
16655 is neither divisible by 7 nor it ends with 7.
?[1;31m
Start test 22?[0m
Enter a natural number:
> 26678
This number is Even.
It is not a Buzz number.
Explanation:
26678 is neither divisible by 7 nor it ends with 7.
?[1;31m
Start test 23?[0m
Enter a natural number:
> 14898
This number is Even.
It is not a Buzz number.
Explanation:
14898 is neither divisible by 7 nor it ends with 7.
?[1;31m
Start test 24?[0m
Enter a natural number:
> 28573
This number is Odd.
It is not a Buzz number.
Explanation:
28573 is neither divisible by 7 nor it ends with 7.
?[1;31m
Start test 25?[0m
Enter a natural number:
> 14219
This number is Odd.
It is not a Buzz number.
Explanation:
14219 is neither divisible by 7 nor it ends with 7.
?[1;31m
Start test 26?[0m
Enter a natural number:
> 12380
This number is Even.
It is not a Buzz number.
Explanation:
12380 is neither divisible by 7 nor it ends with 7.
?[1;31m
Start test 27?[0m
Enter a natural number:
> 19915
This number is Odd.
It is a Buzz number.
Explanation:
19915 is divisible by 7.
?[1;31m
Start test 28?[0m
Enter a natural number:
> 3778
This number is Even.
It is not a Buzz number.
Explanation:
3778 is neither divisible by 7 nor it ends with 7.
?[1;31m
Start test 29?[0m
Enter a natural number:
> 6440
This number is Even.
It is a Buzz number.
Explanation:
6440 is divisible by 7.
?[1;31m
Start test 30?[0m
Enter a natural number:
> 10831
This number is Odd.
It is not a Buzz number.
Explanation:
10831 is neither divisible by 7 nor it ends with 7.
?[1;31m
Start test 31?[0m
Enter a natural number:
> 21987
This number is Odd.
It is a Buzz number.
Explanation:
21987 is divisible by 7 and it ends with 7.
?[1;31m
Start test 32?[0m
Enter a natural number:
> 13313
This number is Odd.
It is not a Buzz number.
Explanation:
13313 is neither divisible by 7 nor it ends with 7.
?[1;31m
Start test 33?[0m
Enter a natural number:
> 13138
This number is Even.
It is not a Buzz number.
Explanation:
13138 is neither divisible by 7 nor it ends with 7.
?[1;31m
Start test 34?[0m
Enter a natural number:
> 12256
This number is Even.
It is not a Buzz number.
Explanation:
12256 is neither divisible by 7 nor it ends with 7.
?[1;31m
Start test 35?[0m
Enter a natural number:
> 2042
This number is Even.
It is not a Buzz number.
Explanation:
2042 is neither divisible by 7 nor it ends with 7.
?[1;31m
Start test 36?[0m
Enter a natural number:
> 2466
This number is Even.
It is not a Buzz number.
Explanation:
2466 is neither divisible by 7 nor it ends with 7.
?[1;31m
Start test 37?[0m
Enter a natural number:
> 27729
This number is Odd.
It is not a Buzz number.
Explanation:
27729 is neither divisible by 7 nor it ends with 7.
?[1;31m
Start test 38?[0m
Enter a natural number:
> 17758
This number is Even.
It is not a Buzz number.
Explanation:
17758 is neither divisible by 7 nor it ends with 7.
?[1;31m
Start test 39?[0m
Enter a natural number:
> 22664
This number is Even.
It is not a Buzz number.
Explanation:
22664 is neither divisible by 7 nor it ends with 7.
?[1;31m
Start test 40?[0m
Enter a natural number:
> 11372
This number is Even.
It is not a Buzz number.
Explanation:
11372 is neither divisible by 7 nor it ends with 7.
]]></system-out>
  <system-err><![CDATA[]]></system-err>
</testsuite>
