<?xml version="1.0" encoding="UTF-8"?>
<testsuite name="NumbersTest" tests="1" skipped="0" failures="0" errors="0" timestamp="2021-05-27T02:04:02" hostname="DESKTOP-SQGJGEQ" time="0.912">
  <properties/>
  <testcase name="start" classname="NumbersTest" time="0.912"/>
  <system-out><![CDATA[?[1;31m
Start test 1?[0m
Welcome to Amazing Numbers!

Supported requests:
- enter a natural number to know its properties;
- enter two natural numbers to obtain the properties of the list:
  * the first parameter represents a starting number;
  * the second parameters show how many consecutive numbers are to be processed;
- two natural numbers and a property to search for;
- separate the parameters with one space;
- enter 0 to exit.
Enter a request: 
> 0
Goodbye!
?[1;31m
Start test 2?[0m
Welcome to Amazing Numbers!

Supported requests:
- enter a natural number to know its properties;
- enter two natural numbers to obtain the properties of the list:
  * the first parameter represents a starting number;
  * the second parameters show how many consecutive numbers are to be processed;
- two natural numbers and a property to search for;
- separate the parameters with one space;
- enter 0 to exit.
Enter a request: 
> -48
The first parameter should be a natural number or zero.

Enter a request: 
> 0
Goodbye!
?[1;31m
Start test 3?[0m
Welcome to Amazing Numbers!

Supported requests:
- enter a natural number to know its properties;
- enter two natural numbers to obtain the properties of the list:
  * the first parameter represents a starting number;
  * the second parameters show how many consecutive numbers are to be processed;
- two natural numbers and a property to search for;
- separate the parameters with one space;
- enter 0 to exit.
Enter a request: 
> -88
The first parameter should be a natural number or zero.

Enter a request: 
> 0
Goodbye!
?[1;31m
Start test 4?[0m
Welcome to Amazing Numbers!

Supported requests:
- enter a natural number to know its properties;
- enter two natural numbers to obtain the properties of the list:
  * the first parameter represents a starting number;
  * the second parameters show how many consecutive numbers are to be processed;
- two natural numbers and a property to search for;
- separate the parameters with one space;
- enter 0 to exit.
Enter a request: 
> -92
The first parameter should be a natural number or zero.

Enter a request: 
> 0
Goodbye!
?[1;31m
Start test 5?[0m
Welcome to Amazing Numbers!

Supported requests:
- enter a natural number to know its properties;
- enter two natural numbers to obtain the properties of the list:
  * the first parameter represents a starting number;
  * the second parameters show how many consecutive numbers are to be processed;
- two natural numbers and a property to search for;
- separate the parameters with one space;
- enter 0 to exit.
Enter a request: 
> -25
The first parameter should be a natural number or zero.

Enter a request: 
> 0
Goodbye!
?[1;31m
Start test 6?[0m
Welcome to Amazing Numbers!

Supported requests:
- enter a natural number to know its properties;
- enter two natural numbers to obtain the properties of the list:
  * the first parameter represents a starting number;
  * the second parameters show how many consecutive numbers are to be processed;
- two natural numbers and a property to search for;
- separate the parameters with one space;
- enter 0 to exit.
Enter a request: 
> -26
The first parameter should be a natural number or zero.

Enter a request: 
> 0
Goodbye!
?[1;31m
Start test 7?[0m
Welcome to Amazing Numbers!

Supported requests:
- enter a natural number to know its properties;
- enter two natural numbers to obtain the properties of the list:
  * the first parameter represents a starting number;
  * the second parameters show how many consecutive numbers are to be processed;
- two natural numbers and a property to search for;
- separate the parameters with one space;
- enter 0 to exit.
Enter a request: 
> 32681 -9758
The second parameter should be a natural number.

Enter a request: 
> 0
Goodbye!
?[1;31m
Start test 8?[0m
Welcome to Amazing Numbers!

Supported requests:
- enter a natural number to know its properties;
- enter two natural numbers to obtain the properties of the list:
  * the first parameter represents a starting number;
  * the second parameters show how many consecutive numbers are to be processed;
- two natural numbers and a property to search for;
- separate the parameters with one space;
- enter 0 to exit.
Enter a request: 
> 16593 -6755
The second parameter should be a natural number.

Enter a request: 
> 0
Goodbye!
?[1;31m
Start test 9?[0m
Welcome to Amazing Numbers!

Supported requests:
- enter a natural number to know its properties;
- enter two natural numbers to obtain the properties of the list:
  * the first parameter represents a starting number;
  * the second parameters show how many consecutive numbers are to be processed;
- two natural numbers and a property to search for;
- separate the parameters with one space;
- enter 0 to exit.
Enter a request: 
> 25183 -12221
The second parameter should be a natural number.

Enter a request: 
> 0
Goodbye!
?[1;31m
Start test 10?[0m
Welcome to Amazing Numbers!

Supported requests:
- enter a natural number to know its properties;
- enter two natural numbers to obtain the properties of the list:
  * the first parameter represents a starting number;
  * the second parameters show how many consecutive numbers are to be processed;
- two natural numbers and a property to search for;
- separate the parameters with one space;
- enter 0 to exit.
Enter a request: 
> 7445 -27574
The second parameter should be a natural number.

Enter a request: 
> 0
Goodbye!
?[1;31m
Start test 11?[0m
Welcome to Amazing Numbers!

Supported requests:
- enter a natural number to know its properties;
- enter two natural numbers to obtain the properties of the list:
  * the first parameter represents a starting number;
  * the second parameters show how many consecutive numbers are to be processed;
- two natural numbers and a property to search for;
- separate the parameters with one space;
- enter 0 to exit.
Enter a request: 
> 19803 -22812
The second parameter should be a natural number.

Enter a request: 
> 0
Goodbye!
?[1;31m
Start test 12?[0m
Welcome to Amazing Numbers!

Supported requests:
- enter a natural number to know its properties;
- enter two natural numbers to obtain the properties of the list:
  * the first parameter represents a starting number;
  * the second parameters show how many consecutive numbers are to be processed;
- two natural numbers and a property to search for;
- separate the parameters with one space;
- enter 0 to exit.
Enter a request: 
> 32728 -28352
The second parameter should be a natural number.

Enter a request: 
> 0
Goodbye!
?[1;31m
Start test 13?[0m
Welcome to Amazing Numbers!

Supported requests:
- enter a natural number to know its properties;
- enter two natural numbers to obtain the properties of the list:
  * the first parameter represents a starting number;
  * the second parameters show how many consecutive numbers are to be processed;
- two natural numbers and a property to search for;
- separate the parameters with one space;
- enter 0 to exit.
Enter a request: 
> 23872 -15502
The second parameter should be a natural number.

Enter a request: 
> 0
Goodbye!
?[1;31m
Start test 14?[0m
Welcome to Amazing Numbers!

Supported requests:
- enter a natural number to know its properties;
- enter two natural numbers to obtain the properties of the list:
  * the first parameter represents a starting number;
  * the second parameters show how many consecutive numbers are to be processed;
- two natural numbers and a property to search for;
- separate the parameters with one space;
- enter 0 to exit.
Enter a request: 
> 8644 -5497
The second parameter should be a natural number.

Enter a request: 
> 0
Goodbye!
?[1;31m
Start test 15?[0m
Welcome to Amazing Numbers!

Supported requests:
- enter a natural number to know its properties;
- enter two natural numbers to obtain the properties of the list:
  * the first parameter represents a starting number;
  * the second parameters show how many consecutive numbers are to be processed;
- two natural numbers and a property to search for;
- separate the parameters with one space;
- enter 0 to exit.
Enter a request: 
> 9336 -30723
The second parameter should be a natural number.

Enter a request: 
> 0
Goodbye!
?[1;31m
Start test 16?[0m
Welcome to Amazing Numbers!

Supported requests:
- enter a natural number to know its properties;
- enter two natural numbers to obtain the properties of the list:
  * the first parameter represents a starting number;
  * the second parameters show how many consecutive numbers are to be processed;
- two natural numbers and a property to search for;
- separate the parameters with one space;
- enter 0 to exit.
Enter a request: 
> 17788 -8883
The second parameter should be a natural number.

Enter a request: 
> 0
Goodbye!
?[1;31m
Start test 17?[0m
Welcome to Amazing Numbers!

Supported requests:
- enter a natural number to know its properties;
- enter two natural numbers to obtain the properties of the list:
  * the first parameter represents a starting number;
  * the second parameters show how many consecutive numbers are to be processed;
- two natural numbers and a property to search for;
- separate the parameters with one space;
- enter 0 to exit.
Enter a request: 
> 1
Properties of 1
		even: false
		 odd: true
		buzz: false
		duck: false
		Palindromic : true
		gapful: false
		spy: true

Enter a request: 
> 2
Properties of 2
		even: true
		 odd: false
		buzz: false
		duck: false
		Palindromic : true
		gapful: false
		spy: true

Enter a request: 
> 3
Properties of 3
		even: false
		 odd: true
		buzz: false
		duck: false
		Palindromic : true
		gapful: false
		spy: true

Enter a request: 
> 4
Properties of 4
		even: true
		 odd: false
		buzz: false
		duck: false
		Palindromic : true
		gapful: false
		spy: true

Enter a request: 
> 5
Properties of 5
		even: false
		 odd: true
		buzz: false
		duck: false
		Palindromic : true
		gapful: false
		spy: true

Enter a request: 
> 6
Properties of 6
		even: true
		 odd: false
		buzz: false
		duck: false
		Palindromic : true
		gapful: false
		spy: true

Enter a request: 
> 7
Properties of 7
		even: false
		 odd: true
		buzz: true
		duck: false
		Palindromic : true
		gapful: false
		spy: true

Enter a request: 
> 8
Properties of 8
		even: true
		 odd: false
		buzz: false
		duck: false
		Palindromic : true
		gapful: false
		spy: true

Enter a request: 
> 9
Properties of 9
		even: false
		 odd: true
		buzz: false
		duck: false
		Palindromic : true
		gapful: false
		spy: true

Enter a request: 
> 10
Properties of 10
		even: true
		 odd: false
		buzz: false
		duck: true
		Palindromic : false
		gapful: false
		spy: false

Enter a request: 
> 11
Properties of 11
		even: false
		 odd: true
		buzz: false
		duck: false
		Palindromic : true
		gapful: false
		spy: false

Enter a request: 
> 12
Properties of 12
		even: true
		 odd: false
		buzz: false
		duck: false
		Palindromic : false
		gapful: false
		spy: false

Enter a request: 
> 13
Properties of 13
		even: false
		 odd: true
		buzz: false
		duck: false
		Palindromic : false
		gapful: false
		spy: false

Enter a request: 
> 14
Properties of 14
		even: true
		 odd: false
		buzz: true
		duck: false
		Palindromic : false
		gapful: false
		spy: false

Enter a request: 
> 1174128718346216135
Properties of 1174128718346216135
		even: false
		 odd: true
		buzz: false
		duck: false
		Palindromic : false
		gapful: false
		spy: false

Enter a request: 
> 740644976850049191
Properties of 740644976850049191
		even: false
		 odd: true
		buzz: false
		duck: true
		Palindromic : false
		gapful: false
		spy: false

Enter a request: 
> 3934082085303259806
Properties of 3934082085303259806
		even: true
		 odd: false
		buzz: true
		duck: true
		Palindromic : false
		gapful: false
		spy: false

Enter a request: 
> 3236069724773252274
Properties of 3236069724773252274
		even: true
		 odd: false
		buzz: false
		duck: true
		Palindromic : false
		gapful: true
		spy: false

Enter a request: 
> 7527523256162424065
Properties of 7527523256162424065
		even: false
		 odd: true
		buzz: false
		duck: true
		Palindromic : false
		gapful: false
		spy: false

Enter a request: 
> 3269490490913112398
Properties of 3269490490913112398
		even: true
		 odd: false
		buzz: false
		duck: true
		Palindromic : false
		gapful: false
		spy: false

Enter a request: 
> 1882071514850543266
Properties of 1882071514850543266
		even: true
		 odd: false
		buzz: false
		duck: true
		Palindromic : false
		gapful: false
		spy: false

Enter a request: 
> 4200846787568802730
Properties of 4200846787568802730
		even: true
		 odd: false
		buzz: false
		duck: true
		Palindromic : false
		gapful: false
		spy: false

Enter a request: 
> 8762600898327679595
Properties of 8762600898327679595
		even: false
		 odd: true
		buzz: false
		duck: true
		Palindromic : false
		gapful: false
		spy: false

Enter a request: 
> 4271027564459345723
Properties of 4271027564459345723
		even: false
		 odd: true
		buzz: false
		duck: true
		Palindromic : false
		gapful: false
		spy: false

Enter a request: 
> 0
Goodbye!
?[1;31m
Start test 18?[0m
Welcome to Amazing Numbers!

Supported requests:
- enter a natural number to know its properties;
- enter two natural numbers to obtain the properties of the list:
  * the first parameter represents a starting number;
  * the second parameters show how many consecutive numbers are to be processed;
- two natural numbers and a property to search for;
- separate the parameters with one space;
- enter 0 to exit.
Enter a request: 
> 1 15

			1 is odd, palindromic, spy, 
			2 is even, palindromic, spy, 
			3 is odd, palindromic, spy, 
			4 is even, palindromic, spy, 
			5 is odd, palindromic, spy, 
			6 is even, palindromic, spy, 
			7 is buzz, odd, palindromic, spy, 
			8 is even, palindromic, spy, 
			9 is odd, palindromic, spy, 
			10 is duck, even, 
			11 is odd, palindromic, 
			12 is even, 
			13 is odd, 
			14 is buzz, even, 
			15 is odd, 

Enter a request: 
> 0
Goodbye!
?[1;31m
Start test 19?[0m
Welcome to Amazing Numbers!

Supported requests:
- enter a natural number to know its properties;
- enter two natural numbers to obtain the properties of the list:
  * the first parameter represents a starting number;
  * the second parameters show how many consecutive numbers are to be processed;
- two natural numbers and a property to search for;
- separate the parameters with one space;
- enter 0 to exit.
Enter a request: 
> 8064967543515230875 10

			8064967543515230875 is duck, odd, 
			8064967543515230876 is duck, even, 
			8064967543515230877 is buzz, duck, odd, 
			8064967543515230878 is duck, even, 
			8064967543515230879 is duck, odd, 
			8064967543515230880 is buzz, duck, even, gapful, 
			8064967543515230881 is duck, odd, 
			8064967543515230882 is duck, even, 
			8064967543515230883 is duck, odd, 
			8064967543515230884 is duck, even, 

Enter a request: 
> 0
Goodbye!
?[1;31m
Start test 20?[0m
Welcome to Amazing Numbers!

Supported requests:
- enter a natural number to know its properties;
- enter two natural numbers to obtain the properties of the list:
  * the first parameter represents a starting number;
  * the second parameters show how many consecutive numbers are to be processed;
- two natural numbers and a property to search for;
- separate the parameters with one space;
- enter 0 to exit.
Enter a request: 
> 3846988840076928925 4

			3846988840076928925 is duck, odd, 
			3846988840076928926 is duck, even, 
			3846988840076928927 is buzz, duck, odd, 
			3846988840076928928 is duck, even, 

Enter a request: 
> 0
Goodbye!
?[1;31m
Start test 21?[0m
Welcome to Amazing Numbers!

Supported requests:
- enter a natural number to know its properties;
- enter two natural numbers to obtain the properties of the list:
  * the first parameter represents a starting number;
  * the second parameters show how many consecutive numbers are to be processed;
- two natural numbers and a property to search for;
- separate the parameters with one space;
- enter 0 to exit.
Enter a request: 
> 6886482740872822595 9

			6886482740872822595 is duck, odd, 
			6886482740872822596 is duck, even, 
			6886482740872822597 is buzz, duck, odd, 
			6886482740872822598 is buzz, duck, even, 
			6886482740872822599 is duck, odd, 
			6886482740872822600 is duck, even, 
			6886482740872822601 is duck, odd, 
			6886482740872822602 is duck, even, 
			6886482740872822603 is duck, odd, 

Enter a request: 
> 0
Goodbye!
?[1;31m
Start test 22?[0m
Welcome to Amazing Numbers!

Supported requests:
- enter a natural number to know its properties;
- enter two natural numbers to obtain the properties of the list:
  * the first parameter represents a starting number;
  * the second parameters show how many consecutive numbers are to be processed;
- two natural numbers and a property to search for;
- separate the parameters with one space;
- enter 0 to exit.
Enter a request: 
> 8709244679967449405 13

			8709244679967449405 is duck, odd, 
			8709244679967449406 is duck, even, 
			8709244679967449407 is buzz, duck, odd, 
			8709244679967449408 is buzz, duck, even, 
			8709244679967449409 is duck, odd, 
			8709244679967449410 is duck, even, 
			8709244679967449411 is duck, odd, 
			8709244679967449412 is duck, even, 
			8709244679967449413 is duck, odd, 
			8709244679967449414 is duck, even, 
			8709244679967449415 is buzz, duck, odd, 
			8709244679967449416 is duck, even, 
			8709244679967449417 is buzz, duck, odd, 

Enter a request: 
> 0
Goodbye!
?[1;31m
Start test 23?[0m
Welcome to Amazing Numbers!

Supported requests:
- enter a natural number to know its properties;
- enter two natural numbers to obtain the properties of the list:
  * the first parameter represents a starting number;
  * the second parameters show how many consecutive numbers are to be processed;
- two natural numbers and a property to search for;
- separate the parameters with one space;
- enter 0 to exit.
Enter a request: 
> 8797454295582558376 19

			8797454295582558376 is even, 
			8797454295582558377 is buzz, odd, 
			8797454295582558378 is even, 
			8797454295582558379 is odd, 
			8797454295582558380 is duck, even, 
			8797454295582558381 is odd, 
			8797454295582558382 is buzz, even, 
			8797454295582558383 is odd, 
			8797454295582558384 is even, 
			8797454295582558385 is odd, 
			8797454295582558386 is even, 
			8797454295582558387 is buzz, odd, gapful, 
			8797454295582558388 is even, 
			8797454295582558389 is buzz, odd, 
			8797454295582558390 is duck, even, 
			8797454295582558391 is odd, 
			8797454295582558392 is even, 
			8797454295582558393 is odd, 
			8797454295582558394 is even, 

Enter a request: 
> 0
Goodbye!
?[1;31m
Start test 24?[0m
Welcome to Amazing Numbers!

Supported requests:
- enter a natural number to know its properties;
- enter two natural numbers to obtain the properties of the list:
  * the first parameter represents a starting number;
  * the second parameters show how many consecutive numbers are to be processed;
- two natural numbers and a property to search for;
- separate the parameters with one space;
- enter 0 to exit.
Enter a request: 
> 4253369314255161296 5

			4253369314255161296 is buzz, even, 
			4253369314255161297 is buzz, odd, 
			4253369314255161298 is even, 
			4253369314255161299 is odd, 
			4253369314255161300 is duck, even, 

Enter a request: 
> 0
Goodbye!
?[1;31m
Start test 25?[0m
Welcome to Amazing Numbers!

Supported requests:
- enter a natural number to know its properties;
- enter two natural numbers to obtain the properties of the list:
  * the first parameter represents a starting number;
  * the second parameters show how many consecutive numbers are to be processed;
- two natural numbers and a property to search for;
- separate the parameters with one space;
- enter 0 to exit.
Enter a request: 
> 6367191815232286666 17

			6367191815232286666 is even, 
			6367191815232286667 is buzz, odd, 
			6367191815232286668 is buzz, even, 
			6367191815232286669 is odd, 
			6367191815232286670 is duck, even, 
			6367191815232286671 is odd, 
			6367191815232286672 is even, 
			6367191815232286673 is odd, 
			6367191815232286674 is even, 
			6367191815232286675 is buzz, odd, gapful, 
			6367191815232286676 is even, 
			6367191815232286677 is buzz, odd, 
			6367191815232286678 is even, 
			6367191815232286679 is odd, 
			6367191815232286680 is duck, even, gapful, 
			6367191815232286681 is odd, 
			6367191815232286682 is buzz, even, 

Enter a request: 
> 0
Goodbye!
?[1;31m
Start test 26?[0m
Welcome to Amazing Numbers!

Supported requests:
- enter a natural number to know its properties;
- enter two natural numbers to obtain the properties of the list:
  * the first parameter represents a starting number;
  * the second parameters show how many consecutive numbers are to be processed;
- two natural numbers and a property to search for;
- separate the parameters with one space;
- enter 0 to exit.
Enter a request: 
> 4395143717239929294 13

			4395143717239929294 is even, 
			4395143717239929295 is odd, 
			4395143717239929296 is even, 
			4395143717239929297 is buzz, odd, 
			4395143717239929298 is even, 
			4395143717239929299 is odd, 
			4395143717239929300 is duck, even, 
			4395143717239929301 is duck, odd, 
			4395143717239929302 is duck, even, 
			4395143717239929303 is duck, odd, 
			4395143717239929304 is buzz, duck, even, 
			4395143717239929305 is duck, odd, 
			4395143717239929306 is duck, even, 

Enter a request: 
> 0
Goodbye!
?[1;31m
Start test 27?[0m
Welcome to Amazing Numbers!

Supported requests:
- enter a natural number to know its properties;
- enter two natural numbers to obtain the properties of the list:
  * the first parameter represents a starting number;
  * the second parameters show how many consecutive numbers are to be processed;
- two natural numbers and a property to search for;
- separate the parameters with one space;
- enter 0 to exit.
Enter a request: 
> 3855503654086533197 20

			3855503654086533197 is buzz, duck, odd, 
			3855503654086533198 is duck, even, 
			3855503654086533199 is duck, odd, 
			3855503654086533200 is duck, even, 
			3855503654086533201 is duck, odd, 
			3855503654086533202 is duck, even, 
			3855503654086533203 is duck, odd, 
			3855503654086533204 is buzz, duck, even, 
			3855503654086533205 is duck, odd, 
			3855503654086533206 is duck, even, 
			3855503654086533207 is buzz, duck, odd, 
			3855503654086533208 is duck, even, 
			3855503654086533209 is duck, odd, 
			3855503654086533210 is duck, even, gapful, 
			3855503654086533211 is buzz, duck, odd, 
			3855503654086533212 is duck, even, 
			3855503654086533213 is duck, odd, 
			3855503654086533214 is duck, even, 
			3855503654086533215 is duck, odd, 
			3855503654086533216 is duck, even, 

Enter a request: 
> 0
Goodbye!
?[1;31m
Start test 28?[0m
Welcome to Amazing Numbers!

Supported requests:
- enter a natural number to know its properties;
- enter two natural numbers to obtain the properties of the list:
  * the first parameter represents a starting number;
  * the second parameters show how many consecutive numbers are to be processed;
- two natural numbers and a property to search for;
- separate the parameters with one space;
- enter 0 to exit.
Enter a request: 
> 8607452535709467550 4

			8607452535709467550 is duck, even, 
			8607452535709467551 is duck, odd, 
			8607452535709467552 is buzz, duck, even, 
			8607452535709467553 is duck, odd, 

Enter a request: 
> 0
Goodbye!
?[1;31m
Start test 29?[0m
Welcome to Amazing Numbers!

Supported requests:
- enter a natural number to know its properties;
- enter two natural numbers to obtain the properties of the list:
  * the first parameter represents a starting number;
  * the second parameters show how many consecutive numbers are to be processed;
- two natural numbers and a property to search for;
- separate the parameters with one space;
- enter 0 to exit.
Enter a request: 
> 1 10 May
The property [MAY] is wrong Available properties: [BUZZ, DUCK, PALINDROMIC, GAPFUL, SPY, EVEN, ODD]

Enter a request: 
> 0
Goodbye!
?[1;31m
Start test 30?[0m
Welcome to Amazing Numbers!

Supported requests:
- enter a natural number to know its properties;
- enter two natural numbers to obtain the properties of the list:
  * the first parameter represents a starting number;
  * the second parameters show how many consecutive numbers are to be processed;
- two natural numbers and a property to search for;
- separate the parameters with one space;
- enter 0 to exit.
Enter a request: 
> 40 2 bay
The property [BAY] is wrong Available properties: [BUZZ, DUCK, PALINDROMIC, GAPFUL, SPY, EVEN, ODD]

Enter a request: 
> 0
Goodbye!
?[1;31m
Start test 31?[0m
Welcome to Amazing Numbers!

Supported requests:
- enter a natural number to know its properties;
- enter two natural numbers to obtain the properties of the list:
  * the first parameter represents a starting number;
  * the second parameters show how many consecutive numbers are to be processed;
- two natural numbers and a property to search for;
- separate the parameters with one space;
- enter 0 to exit.
Enter a request: 
> 37 4 8
The property [8] is wrong Available properties: [BUZZ, DUCK, PALINDROMIC, GAPFUL, SPY, EVEN, ODD]

Enter a request: 
> 0
Goodbye!
?[1;31m
Start test 32?[0m
Welcome to Amazing Numbers!

Supported requests:
- enter a natural number to know its properties;
- enter two natural numbers to obtain the properties of the list:
  * the first parameter represents a starting number;
  * the second parameters show how many consecutive numbers are to be processed;
- two natural numbers and a property to search for;
- separate the parameters with one space;
- enter 0 to exit.
Enter a request: 
> 67 2 day
The property [DAY] is wrong Available properties: [BUZZ, DUCK, PALINDROMIC, GAPFUL, SPY, EVEN, ODD]

Enter a request: 
> 0
Goodbye!
?[1;31m
Start test 33?[0m
Welcome to Amazing Numbers!

Supported requests:
- enter a natural number to know its properties;
- enter two natural numbers to obtain the properties of the list:
  * the first parameter represents a starting number;
  * the second parameters show how many consecutive numbers are to be processed;
- two natural numbers and a property to search for;
- separate the parameters with one space;
- enter 0 to exit.
Enter a request: 
> 2 54 Prime
The property [PRIME] is wrong Available properties: [BUZZ, DUCK, PALINDROMIC, GAPFUL, SPY, EVEN, ODD]

Enter a request: 
> 0
Goodbye!
?[1;31m
Start test 34?[0m
Welcome to Amazing Numbers!

Supported requests:
- enter a natural number to know its properties;
- enter two natural numbers to obtain the properties of the list:
  * the first parameter represents a starting number;
  * the second parameters show how many consecutive numbers are to be processed;
- two natural numbers and a property to search for;
- separate the parameters with one space;
- enter 0 to exit.
Enter a request: 
> 6 8 ...
The property [...] is wrong Available properties: [BUZZ, DUCK, PALINDROMIC, GAPFUL, SPY, EVEN, ODD]

Enter a request: 
> 0
Goodbye!
?[1;31m
Start test 35?[0m
Welcome to Amazing Numbers!

Supported requests:
- enter a natural number to know its properties;
- enter two natural numbers to obtain the properties of the list:
  * the first parameter represents a starting number;
  * the second parameters show how many consecutive numbers are to be processed;
- two natural numbers and a property to search for;
- separate the parameters with one space;
- enter 0 to exit.
Enter a request: 
> 5 9 none
The property [NONE] is wrong Available properties: [BUZZ, DUCK, PALINDROMIC, GAPFUL, SPY, EVEN, ODD]

Enter a request: 
> 0
Goodbye!
?[1;31m
Start test 36?[0m
Welcome to Amazing Numbers!

Supported requests:
- enter a natural number to know its properties;
- enter two natural numbers to obtain the properties of the list:
  * the first parameter represents a starting number;
  * the second parameters show how many consecutive numbers are to be processed;
- two natural numbers and a property to search for;
- separate the parameters with one space;
- enter 0 to exit.
Enter a request: 
> 1 10 BUZZ

			7 is buzz, odd, palindromic, spy, 
			14 is buzz, even, 
			17 is buzz, odd, 
			21 is buzz, odd, 
			27 is buzz, odd, 
			28 is buzz, even, 
			35 is buzz, odd, 
			37 is buzz, odd, 
			42 is buzz, even, 
			47 is buzz, odd, 

Enter a request: 
> 1 10 DUCK

			10 is duck, even, 
			20 is duck, even, 
			30 is duck, even, 
			40 is duck, even, 
			50 is duck, even, 
			60 is duck, even, 
			70 is buzz, duck, even, 
			80 is duck, even, 
			90 is duck, even, 
			100 is duck, even, gapful, 

Enter a request: 
> 1 10 PALINDROMIC

			1 is odd, palindromic, spy, 
			2 is even, palindromic, spy, 
			3 is odd, palindromic, spy, 
			4 is even, palindromic, spy, 
			5 is odd, palindromic, spy, 
			6 is even, palindromic, spy, 
			7 is buzz, odd, palindromic, spy, 
			8 is even, palindromic, spy, 
			9 is odd, palindromic, spy, 
			11 is odd, palindromic, 

Enter a request: 
> 1 10 GAPFUL

			100 is duck, even, gapful, 
			105 is buzz, duck, odd, gapful, 
			108 is duck, even, gapful, 
			110 is duck, even, gapful, 
			120 is duck, even, gapful, 
			121 is odd, palindromic, gapful, 
			130 is duck, even, gapful, 
			132 is even, gapful, spy, 
			135 is odd, gapful, 
			140 is buzz, duck, even, gapful, 

Enter a request: 
> 1 10 SPY

			1 is odd, palindromic, spy, 
			2 is even, palindromic, spy, 
			3 is odd, palindromic, spy, 
			4 is even, palindromic, spy, 
			5 is odd, palindromic, spy, 
			6 is even, palindromic, spy, 
			7 is buzz, odd, palindromic, spy, 
			8 is even, palindromic, spy, 
			9 is odd, palindromic, spy, 
			22 is even, palindromic, spy, 

Enter a request: 
> 1 10 EVEN

			2 is even, palindromic, spy, 
			4 is even, palindromic, spy, 
			6 is even, palindromic, spy, 
			8 is even, palindromic, spy, 
			10 is duck, even, 
			12 is even, 
			14 is buzz, even, 
			16 is even, 
			18 is even, 
			20 is duck, even, 

Enter a request: 
> 1 10 ODD

			1 is odd, palindromic, spy, 
			3 is odd, palindromic, spy, 
			5 is odd, palindromic, spy, 
			7 is buzz, odd, palindromic, spy, 
			9 is odd, palindromic, spy, 
			11 is odd, palindromic, 
			13 is odd, 
			15 is odd, 
			17 is buzz, odd, 
			19 is odd, 

Enter a request: 
> 0
Goodbye!
?[1;31m
Start test 37?[0m
Welcome to Amazing Numbers!

Supported requests:
- enter a natural number to know its properties;
- enter two natural numbers to obtain the properties of the list:
  * the first parameter represents a starting number;
  * the second parameters show how many consecutive numbers are to be processed;
- two natural numbers and a property to search for;
- separate the parameters with one space;
- enter 0 to exit.
Enter a request: 
> 23014 3 DUCK

			23014 is duck, even, 
			23015 is duck, odd, 
			23016 is buzz, duck, even, 

Enter a request: 
> 0
Goodbye!
?[1;31m
Start test 38?[0m
Welcome to Amazing Numbers!

Supported requests:
- enter a natural number to know its properties;
- enter two natural numbers to obtain the properties of the list:
  * the first parameter represents a starting number;
  * the second parameters show how many consecutive numbers are to be processed;
- two natural numbers and a property to search for;
- separate the parameters with one space;
- enter 0 to exit.
Enter a request: 
> 25618 19 ODD

			25619 is odd, 
			25621 is odd, 
			25623 is odd, 
			25625 is odd, gapful, 
			25627 is buzz, odd, 
			25629 is odd, 
			25631 is odd, 
			25633 is odd, 
			25635 is odd, 
			25637 is buzz, odd, 
			25639 is odd, 
			25641 is buzz, odd, gapful, 
			25643 is odd, 
			25645 is odd, 
			25647 is buzz, odd, 
			25649 is odd, 
			25651 is odd, 
			25653 is odd, 
			25655 is buzz, odd, 

Enter a request: 
> 0
Goodbye!
?[1;31m
Start test 39?[0m
Welcome to Amazing Numbers!

Supported requests:
- enter a natural number to know its properties;
- enter two natural numbers to obtain the properties of the list:
  * the first parameter represents a starting number;
  * the second parameters show how many consecutive numbers are to be processed;
- two natural numbers and a property to search for;
- separate the parameters with one space;
- enter 0 to exit.
Enter a request: 
> 4443 1 ODD

			4443 is odd, 

Enter a request: 
> 0
Goodbye!
?[1;31m
Start test 40?[0m
Welcome to Amazing Numbers!

Supported requests:
- enter a natural number to know its properties;
- enter two natural numbers to obtain the properties of the list:
  * the first parameter represents a starting number;
  * the second parameters show how many consecutive numbers are to be processed;
- two natural numbers and a property to search for;
- separate the parameters with one space;
- enter 0 to exit.
Enter a request: 
> 439 10 BUZZ

			441 is buzz, odd, 
			447 is buzz, odd, 
			448 is buzz, even, 
			455 is buzz, odd, 
			457 is buzz, odd, 
			462 is buzz, even, gapful, 
			467 is buzz, odd, 
			469 is buzz, odd, 
			476 is buzz, even, 
			477 is buzz, odd, 

Enter a request: 
> 0
Goodbye!
?[1;31m
Start test 41?[0m
Welcome to Amazing Numbers!

Supported requests:
- enter a natural number to know its properties;
- enter two natural numbers to obtain the properties of the list:
  * the first parameter represents a starting number;
  * the second parameters show how many consecutive numbers are to be processed;
- two natural numbers and a property to search for;
- separate the parameters with one space;
- enter 0 to exit.
Enter a request: 
> 30820 8 SPY

			31113 is odd, palindromic, spy, 
			31131 is odd, spy, 
			31311 is buzz, odd, spy, 
			33111 is odd, spy, 
			51112 is even, spy, 
			51121 is buzz, odd, spy, 
			51211 is odd, spy, 
			52111 is odd, spy, 

Enter a request: 
> 0
Goodbye!
?[1;31m
Start test 42?[0m
Welcome to Amazing Numbers!

Supported requests:
- enter a natural number to know its properties;
- enter two natural numbers to obtain the properties of the list:
  * the first parameter represents a starting number;
  * the second parameters show how many consecutive numbers are to be processed;
- two natural numbers and a property to search for;
- separate the parameters with one space;
- enter 0 to exit.
Enter a request: 
> 8118 20 ODD

			8119 is odd, 
			8121 is odd, 
			8123 is odd, 
			8125 is odd, 
			8127 is buzz, odd, 
			8129 is odd, 
			8131 is odd, 
			8133 is odd, 
			8135 is odd, 
			8137 is buzz, odd, 
			8139 is odd, 
			8141 is buzz, odd, 
			8143 is odd, 
			8145 is odd, 
			8147 is buzz, odd, 
			8149 is odd, 
			8151 is odd, 
			8153 is odd, 
			8155 is buzz, odd, 
			8157 is buzz, odd, 

Enter a request: 
> 0
Goodbye!
?[1;31m
Start test 43?[0m
Welcome to Amazing Numbers!

Supported requests:
- enter a natural number to know its properties;
- enter two natural numbers to obtain the properties of the list:
  * the first parameter represents a starting number;
  * the second parameters show how many consecutive numbers are to be processed;
- two natural numbers and a property to search for;
- separate the parameters with one space;
- enter 0 to exit.
Enter a request: 
> 19383 7 ODD

			19383 is buzz, odd, gapful, 
			19385 is odd, 
			19387 is buzz, odd, 
			19389 is odd, 
			19391 is odd, palindromic, 
			19393 is odd, 
			19395 is odd, gapful, 

Enter a request: 
> 0
Goodbye!
?[1;31m
Start test 44?[0m
Welcome to Amazing Numbers!

Supported requests:
- enter a natural number to know its properties;
- enter two natural numbers to obtain the properties of the list:
  * the first parameter represents a starting number;
  * the second parameters show how many consecutive numbers are to be processed;
- two natural numbers and a property to search for;
- separate the parameters with one space;
- enter 0 to exit.
Enter a request: 
> 11630 7 DUCK

			11630 is duck, even, gapful, 
			11640 is duck, even, gapful, 
			11650 is duck, even, gapful, 
			11660 is duck, even, gapful, 
			11670 is duck, even, gapful, 
			11680 is duck, even, gapful, 
			11690 is buzz, duck, even, gapful, 

Enter a request: 
> 0
Goodbye!
?[1;31m
Start test 45?[0m
Welcome to Amazing Numbers!

Supported requests:
- enter a natural number to know its properties;
- enter two natural numbers to obtain the properties of the list:
  * the first parameter represents a starting number;
  * the second parameters show how many consecutive numbers are to be processed;
- two natural numbers and a property to search for;
- separate the parameters with one space;
- enter 0 to exit.
Enter a request: 
> 13303 16 GAPFUL

			13305 is duck, odd, gapful, 
			13310 is duck, even, gapful, 
			13314 is buzz, even, gapful, 
			13319 is odd, gapful, 
			13320 is duck, even, gapful, 
			13321 is buzz, odd, gapful, 
			13330 is duck, even, gapful, 
			13332 is even, gapful, 
			13335 is buzz, odd, gapful, 
			13338 is even, gapful, 
			13340 is duck, even, gapful, 
			13350 is duck, even, gapful, 
			13360 is duck, even, gapful, 
			13365 is odd, gapful, 
			13370 is buzz, duck, even, gapful, 
			13376 is even, gapful, 

Enter a request: 
> 0
Goodbye!
?[1;31m
Start test 46?[0m
Welcome to Amazing Numbers!

Supported requests:
- enter a natural number to know its properties;
- enter two natural numbers to obtain the properties of the list:
  * the first parameter represents a starting number;
  * the second parameters show how many consecutive numbers are to be processed;
- two natural numbers and a property to search for;
- separate the parameters with one space;
- enter 0 to exit.
Enter a request: 
> 10213 10 BUZZ

			10213 is buzz, duck, odd, 
			10217 is buzz, duck, odd, gapful, 
			10220 is buzz, duck, even, gapful, 
			10227 is buzz, duck, odd, 
			10234 is buzz, duck, even, gapful, 
			10237 is buzz, duck, odd, 
			10241 is buzz, duck, odd, gapful, 
			10247 is buzz, duck, odd, 
			10248 is buzz, duck, even, 
			10255 is buzz, duck, odd, 

Enter a request: 
> 0
Goodbye!
]]></system-out>
  <system-err><![CDATA[]]></system-err>
</testsuite>
