<?xml version="1.0" encoding="UTF-8"?>
<testsuite name="NumbersTest" tests="1" skipped="0" failures="0" errors="0" timestamp="2021-05-26T16:31:28" hostname="DESKTOP-SQGJGEQ" time="0.232">
  <properties/>
  <testcase name="start" classname="NumbersTest" time="0.232"/>
  <system-out><![CDATA[?[1;31m
Start test 1?[0m
Enter a natural number:
> 0
This number is not natural!
?[1;31m
Start test 2?[0m
Enter a natural number:
> 1
Properties of 1
		even: false
		 odd: true
		buzz: false
		duck: false
?[1;31m
Start test 3?[0m
Enter a natural number:
> 2
Properties of 2
		even: true
		 odd: false
		buzz: false
		duck: false
?[1;31m
Start test 4?[0m
Enter a natural number:
> 3
Properties of 3
		even: false
		 odd: true
		buzz: false
		duck: false
?[1;31m
Start test 5?[0m
Enter a natural number:
> 4
Properties of 4
		even: true
		 odd: false
		buzz: false
		duck: false
?[1;31m
Start test 6?[0m
Enter a natural number:
> 5
Properties of 5
		even: false
		 odd: true
		buzz: false
		duck: false
?[1;31m
Start test 7?[0m
Enter a natural number:
> 6
Properties of 6
		even: true
		 odd: false
		buzz: false
		duck: false
?[1;31m
Start test 8?[0m
Enter a natural number:
> 7
Properties of 7
		even: false
		 odd: true
		buzz: true
		duck: false
?[1;31m
Start test 9?[0m
Enter a natural number:
> 8
Properties of 8
		even: true
		 odd: false
		buzz: false
		duck: false
?[1;31m
Start test 10?[0m
Enter a natural number:
> 9
Properties of 9
		even: false
		 odd: true
		buzz: false
		duck: false
?[1;31m
Start test 11?[0m
Enter a natural number:
> 10
Properties of 10
		even: true
		 odd: false
		buzz: false
		duck: true
?[1;31m
Start test 12?[0m
Enter a natural number:
> 11
Properties of 11
		even: false
		 odd: true
		buzz: false
		duck: false
?[1;31m
Start test 13?[0m
Enter a natural number:
> 12
Properties of 12
		even: true
		 odd: false
		buzz: false
		duck: false
?[1;31m
Start test 14?[0m
Enter a natural number:
> 13
Properties of 13
		even: false
		 odd: true
		buzz: false
		duck: false
?[1;31m
Start test 15?[0m
Enter a natural number:
> 14
Properties of 14
		even: true
		 odd: false
		buzz: true
		duck: false
?[1;31m
Start test 16?[0m
Enter a natural number:
> 12748
Properties of 12748
		even: true
		 odd: false
		buzz: false
		duck: false
?[1;31m
Start test 17?[0m
Enter a natural number:
> 24557
Properties of 24557
		even: false
		 odd: true
		buzz: true
		duck: false
?[1;31m
Start test 18?[0m
Enter a natural number:
> 1199
Properties of 1199
		even: false
		 odd: true
		buzz: false
		duck: false
?[1;31m
Start test 19?[0m
Enter a natural number:
> 13372
Properties of 13372
		even: true
		 odd: false
		buzz: false
		duck: false
?[1;31m
Start test 20?[0m
Enter a natural number:
> 3976
Properties of 3976
		even: true
		 odd: false
		buzz: true
		duck: false
?[1;31m
Start test 21?[0m
Enter a natural number:
> 10249
Properties of 10249
		even: false
		 odd: true
		buzz: false
		duck: true
?[1;31m
Start test 22?[0m
Enter a natural number:
> 31017
Properties of 31017
		even: false
		 odd: true
		buzz: true
		duck: true
?[1;31m
Start test 23?[0m
Enter a natural number:
> 27847
Properties of 27847
		even: false
		 odd: true
		buzz: true
		duck: false
?[1;31m
Start test 24?[0m
Enter a natural number:
> 25976
Properties of 25976
		even: true
		 odd: false
		buzz: false
		duck: false
?[1;31m
Start test 25?[0m
Enter a natural number:
> 23589
Properties of 23589
		even: false
		 odd: true
		buzz: false
		duck: false
?[1;31m
Start test 26?[0m
Enter a natural number:
> 19039
Properties of 19039
		even: false
		 odd: true
		buzz: false
		duck: true
?[1;31m
Start test 27?[0m
Enter a natural number:
> 12878
Properties of 12878
		even: true
		 odd: false
		buzz: false
		duck: false
?[1;31m
Start test 28?[0m
Enter a natural number:
> 25154
Properties of 25154
		even: true
		 odd: false
		buzz: false
		duck: false
?[1;31m
Start test 29?[0m
Enter a natural number:
> 4583
Properties of 4583
		even: false
		 odd: true
		buzz: false
		duck: false
?[1;31m
Start test 30?[0m
Enter a natural number:
> 32543
Properties of 32543
		even: false
		 odd: true
		buzz: true
		duck: false
?[1;31m
Start test 31?[0m
Enter a natural number:
> 7513
Properties of 7513
		even: false
		 odd: true
		buzz: false
		duck: false
?[1;31m
Start test 32?[0m
Enter a natural number:
> 4953
Properties of 4953
		even: false
		 odd: true
		buzz: false
		duck: false
?[1;31m
Start test 33?[0m
Enter a natural number:
> 26887
Properties of 26887
		even: false
		 odd: true
		buzz: true
		duck: false
?[1;31m
Start test 34?[0m
Enter a natural number:
> 2784
Properties of 2784
		even: true
		 odd: false
		buzz: false
		duck: false
?[1;31m
Start test 35?[0m
Enter a natural number:
> 23351
Properties of 23351
		even: false
		 odd: true
		buzz: false
		duck: false
]]></system-out>
  <system-err><![CDATA[]]></system-err>
</testsuite>
